rm -f core *.core *.o tpcc_load tpcc_xact_server tpcc_space tpcc_msgh_newo tpcc_msgh_paym tpcc_msgh_ords tpcc_msgh_del tpcc_msgh_stock runcl
gcc -O2 -fno-omit-frame-pointer -DBENCHMARK  -I/home/zmz/ipads/saml_cloud1/rcl/liblock -I/home/zmz/ipads/saml_cloud1/rcl/cocci -I../db-5.2.28.NC-patched/build_unix  -g -Wno-format -Wno-unused-result -c tpcc_load.c
gcc -O2 -fno-omit-frame-pointer -DBENCHMARK  -I/home/zmz/ipads/saml_cloud1/rcl/liblock -I/home/zmz/ipads/saml_cloud1/rcl/cocci -I../db-5.2.28.NC-patched/build_unix  -g -Wno-format -Wno-unused-result -c tpcc_helpers.c
gcc -O2 -fno-omit-frame-pointer -DBENCHMARK  -I/home/zmz/ipads/saml_cloud1/rcl/liblock -I/home/zmz/ipads/saml_cloud1/rcl/cocci -I../db-5.2.28.NC-patched/build_unix  -g -Wno-format -Wno-unused-result -c log.c
gcc -rdynamic -o tpcc_load -L/home/zmz/ipads/saml_cloud1/rcl/liblock -L../db-5.2.28.NC-patched/build_unix/lib/ tpcc_load.o tpcc_helpers.o log.o -lm -L/home/zmz/ipads/saml_cloud1/rcl/berkeleydb/db-5.2.28.NC-patched/build_unix -L/home/zmz/ipads/saml_cloud1/rcl/liblock -L/usr/lib64 -L../db-5.2.28.NC-patched/build_unix -lnsl -lpthread -lrt -ldb -llock -lpapi -lnuma 
gcc -O2 -fno-omit-frame-pointer -DBENCHMARK  -I/home/zmz/ipads/saml_cloud1/rcl/liblock -I/home/zmz/ipads/saml_cloud1/rcl/cocci -I../db-5.2.28.NC-patched/build_unix  -g -Wno-format -Wno-unused-result -c tpcc_xact_server.c
gcc -O2 -fno-omit-frame-pointer -DBENCHMARK  -I/home/zmz/ipads/saml_cloud1/rcl/liblock -I/home/zmz/ipads/saml_cloud1/rcl/cocci -I../db-5.2.28.NC-patched/build_unix  -g -Wno-format -Wno-unused-result -c tpcc_neworder.c
gcc -O2 -fno-omit-frame-pointer -DBENCHMARK  -I/home/zmz/ipads/saml_cloud1/rcl/liblock -I/home/zmz/ipads/saml_cloud1/rcl/cocci -I../db-5.2.28.NC-patched/build_unix  -g -Wno-format -Wno-unused-result -c tpcc_payment.c
gcc -O2 -fno-omit-frame-pointer -DBENCHMARK  -I/home/zmz/ipads/saml_cloud1/rcl/liblock -I/home/zmz/ipads/saml_cloud1/rcl/cocci -I../db-5.2.28.NC-patched/build_unix  -g -Wno-format -Wno-unused-result -c tpcc_delivery.c
gcc -O2 -fno-omit-frame-pointer -DBENCHMARK  -I/home/zmz/ipads/saml_cloud1/rcl/liblock -I/home/zmz/ipads/saml_cloud1/rcl/cocci -I../db-5.2.28.NC-patched/build_unix  -g -Wno-format -Wno-unused-result -c tpcc_orderstatus.c
gcc -O2 -fno-omit-frame-pointer -DBENCHMARK  -I/home/zmz/ipads/saml_cloud1/rcl/liblock -I/home/zmz/ipads/saml_cloud1/rcl/cocci -I../db-5.2.28.NC-patched/build_unix  -g -Wno-format -Wno-unused-result -c tpcc_stocklevel.c
gcc -O2 -fno-omit-frame-pointer -DBENCHMARK  -I/home/zmz/ipads/saml_cloud1/rcl/liblock -I/home/zmz/ipads/saml_cloud1/rcl/cocci -I../db-5.2.28.NC-patched/build_unix  -g -Wno-format -Wno-unused-result -c db_checkpoint.c
gcc -O2 -fno-omit-frame-pointer -DBENCHMARK  -I/home/zmz/ipads/saml_cloud1/rcl/liblock -I/home/zmz/ipads/saml_cloud1/rcl/cocci -I../db-5.2.28.NC-patched/build_unix  -g -Wno-format -Wno-unused-result -c db_trickle.c
gcc -rdynamic -o tpcc_xact_server   tpcc_xact_server.o tpcc_helpers.o tpcc_neworder.o tpcc_payment.o tpcc_delivery.o tpcc_orderstatus.o tpcc_stocklevel.o db_checkpoint.o log.o db_trickle.o -lm -L/home/zmz/ipads/saml_cloud1/rcl/berkeleydb/db-5.2.28.NC-patched/build_unix -L/home/zmz/ipads/saml_cloud1/rcl/liblock -L/usr/lib64 -L../db-5.2.28.NC-patched/build_unix -lnsl -lpthread -lrt -ldb -llock -lpapi -lnuma 
gcc -O2 -fno-omit-frame-pointer -DBENCHMARK  -I/home/zmz/ipads/saml_cloud1/rcl/liblock -I/home/zmz/ipads/saml_cloud1/rcl/cocci -I../db-5.2.28.NC-patched/build_unix  -g -Wno-format -Wno-unused-result -c tpcc_space.c
gcc -rdynamic -o tpcc_space  tpcc_space.o
gcc -O2 -fno-omit-frame-pointer -DBENCHMARK  -I/home/zmz/ipads/saml_cloud1/rcl/liblock -I/home/zmz/ipads/saml_cloud1/rcl/cocci -I../db-5.2.28.NC-patched/build_unix  -g -Wno-format -Wno-unused-result -c tpcc_msgh_newo.c
gcc -O2 -fno-omit-frame-pointer -DBENCHMARK  -I/home/zmz/ipads/saml_cloud1/rcl/liblock -I/home/zmz/ipads/saml_cloud1/rcl/cocci -I../db-5.2.28.NC-patched/build_unix  -g -Wno-format -Wno-unused-result -c msgh_common.c
gcc -rdynamic -o tpcc_msgh_newo -L/home/zmz/ipads/saml_cloud1/rcl/liblock -L../db-5.2.28.NC-patched/build_unix/lib/ tpcc_msgh_newo.o msgh_common.o db_checkpoint.o tpcc_helpers.o tpcc_neworder.o tpcc_payment.o tpcc_delivery.o tpcc_orderstatus.o tpcc_stocklevel.o log.o  db_trickle.o -lm -L/home/zmz/ipads/saml_cloud1/rcl/berkeleydb/db-5.2.28.NC-patched/build_unix -L/home/zmz/ipads/saml_cloud1/rcl/liblock -L/usr/lib64 -L../db-5.2.28.NC-patched/build_unix -lnsl -lpthread -lrt -ldb -llock -lpapi -lnuma	
gcc -O2 -fno-omit-frame-pointer -DBENCHMARK  -I/home/zmz/ipads/saml_cloud1/rcl/liblock -I/home/zmz/ipads/saml_cloud1/rcl/cocci -I../db-5.2.28.NC-patched/build_unix  -g -Wno-format -Wno-unused-result -c tpcc_msgh_paym.c
gcc -rdynamic -o tpcc_msgh_paym -L/home/zmz/ipads/saml_cloud1/rcl/liblock -L../db-5.2.28.NC-patched/build_unix/lib/ tpcc_msgh_paym.o msgh_common.o db_checkpoint.o tpcc_helpers.o tpcc_neworder.o tpcc_payment.o tpcc_delivery.o tpcc_orderstatus.o tpcc_stocklevel.o log.o  db_trickle.o -lm -L/home/zmz/ipads/saml_cloud1/rcl/berkeleydb/db-5.2.28.NC-patched/build_unix -L/home/zmz/ipads/saml_cloud1/rcl/liblock -L/usr/lib64 -L../db-5.2.28.NC-patched/build_unix -lnsl -lpthread -lrt -ldb -llock -lpapi -lnuma	
gcc -O2 -fno-omit-frame-pointer -DBENCHMARK  -I/home/zmz/ipads/saml_cloud1/rcl/liblock -I/home/zmz/ipads/saml_cloud1/rcl/cocci -I../db-5.2.28.NC-patched/build_unix  -g -Wno-format -Wno-unused-result -c tpcc_msgh_ords.c
gcc -rdynamic -o tpcc_msgh_ords -L/home/zmz/ipads/saml_cloud1/rcl/liblock -L../db-5.2.28.NC-patched/build_unix/lib/ tpcc_msgh_ords.o msgh_common.o db_checkpoint.o tpcc_helpers.o tpcc_neworder.o tpcc_payment.o tpcc_delivery.o tpcc_orderstatus.o tpcc_stocklevel.o log.o db_trickle.o -lm -L/home/zmz/ipads/saml_cloud1/rcl/berkeleydb/db-5.2.28.NC-patched/build_unix -L/home/zmz/ipads/saml_cloud1/rcl/liblock -L/usr/lib64 -L../db-5.2.28.NC-patched/build_unix -lnsl -lpthread -lrt -ldb -llock -lpapi -lnuma	
gcc -O2 -fno-omit-frame-pointer -DBENCHMARK  -I/home/zmz/ipads/saml_cloud1/rcl/liblock -I/home/zmz/ipads/saml_cloud1/rcl/cocci -I../db-5.2.28.NC-patched/build_unix  -g -Wno-format -Wno-unused-result -c tpcc_msgh_del.c
gcc -rdynamic -o tpcc_msgh_del -L/home/zmz/ipads/saml_cloud1/rcl/liblock -L../db-5.2.28.NC-patched/build_unix/lib/ tpcc_msgh_del.o msgh_common.o db_checkpoint.o tpcc_helpers.o tpcc_neworder.o tpcc_payment.o tpcc_delivery.o tpcc_orderstatus.o tpcc_stocklevel.o log.o db_trickle.o -lm -L/home/zmz/ipads/saml_cloud1/rcl/berkeleydb/db-5.2.28.NC-patched/build_unix -L/home/zmz/ipads/saml_cloud1/rcl/liblock -L/usr/lib64 -L../db-5.2.28.NC-patched/build_unix -lnsl -lpthread -lrt -ldb -llock -lpapi -lnuma	
gcc -O2 -fno-omit-frame-pointer -DBENCHMARK  -I/home/zmz/ipads/saml_cloud1/rcl/liblock -I/home/zmz/ipads/saml_cloud1/rcl/cocci -I../db-5.2.28.NC-patched/build_unix  -g -Wno-format -Wno-unused-result -c tpcc_msgh_stock.c
gcc -rdynamic -o tpcc_msgh_stock -L/home/zmz/ipads/saml_cloud1/rcl/liblock -L../db-5.2.28.NC-patched/build_unix/lib/ tpcc_msgh_stock.o msgh_common.o db_checkpoint.o tpcc_helpers.o tpcc_neworder.o tpcc_payment.o tpcc_delivery.o tpcc_orderstatus.o tpcc_stocklevel.o log.o db_trickle.o -lm -L/home/zmz/ipads/saml_cloud1/rcl/berkeleydb/db-5.2.28.NC-patched/build_unix -L/home/zmz/ipads/saml_cloud1/rcl/liblock -L/usr/lib64 -L../db-5.2.28.NC-patched/build_unix -lnsl -lpthread -lrt -ldb -llock -lpapi -lnuma
gcc -O2 -fno-omit-frame-pointer -DBENCHMARK  -I/home/zmz/ipads/saml_cloud1/rcl/liblock -I/home/zmz/ipads/saml_cloud1/rcl/cocci -I../db-5.2.28.NC-patched/build_unix  -g -Wno-format -Wno-unused-result -c run_clients.c
gcc -rdynamic -o runcl run_clients.o tpcc_helpers.o log.o -lm -lm -L/home/zmz/ipads/saml_cloud1/rcl/berkeleydb/db-5.2.28.NC-patched/build_unix -L/home/zmz/ipads/saml_cloud1/rcl/liblock -L/usr/lib64 -L../db-5.2.28.NC-patched/build_unix -lnsl -lpthread -lrt -ldb -llock -lpapi -lnuma	
